2017-03-05 11:53:09 [127.0.0.1][-][-][error][yii\base\InvalidConfigException] yii\base\InvalidConfigException: The directory does not exist: /Applications/MAMP/htdocs/base/assets in /Applications/MAMP/htdocs/base/vendor/yiisoft/yii2/web/AssetManager.php:213
Stack trace:
#0 /Applications/MAMP/htdocs/base/vendor/yiisoft/yii2/base/Object.php(107): yii\web\AssetManager->init()
#1 [internal function]: yii\base\Object->__construct(Array)
#2 /Applications/MAMP/htdocs/base/vendor/yiisoft/yii2/di/Container.php(375): ReflectionClass->newInstanceArgs(Array)
#3 /Applications/MAMP/htdocs/base/vendor/yiisoft/yii2/di/Container.php(156): yii\di\Container->build('yii\\web\\AssetMa...', Array, Array)
#4 /Applications/MAMP/htdocs/base/vendor/yiisoft/yii2/BaseYii.php(344): yii\di\Container->get('yii\\web\\AssetMa...', Array, Array)
#5 /Applications/MAMP/htdocs/base/vendor/yiisoft/yii2/di/ServiceLocator.php(135): yii\BaseYii::createObject(Array)
#6 /Applications/MAMP/htdocs/base/vendor/yiisoft/yii2/base/Application.php(605): yii\di\ServiceLocator->get('assetManager')
#7 /Applications/MAMP/htdocs/base/vendor/yiisoft/yii2/web/View.php(225): yii\base\Application->getAssetManager()
#8 /Applications/MAMP/htdocs/base/vendor/yiisoft/yii2/web/View.php(285): yii\web\View->getAssetManager()
#9 /Applications/MAMP/htdocs/base/vendor/yiisoft/yii2/web/AssetBundle.php(125): yii\web\View->registerAssetBundle('app\\assets\\AppA...')
#10 /Applications/MAMP/htdocs/base/app/views/layouts/main.php(12): yii\web\AssetBundle::register(Object(yii\web\View))
#11 /Applications/MAMP/htdocs/base/vendor/yiisoft/yii2/base/View.php(328): require('/Applications/M...')
#12 /Applications/MAMP/htdocs/base/vendor/yiisoft/yii2/base/View.php(250): yii\base\View->renderPhpFile('/Applications/M...', Array)
#13 /Applications/MAMP/htdocs/base/vendor/yiisoft/yii2/base/Controller.php(396): yii\base\View->renderFile('/Applications/M...', Array, Object(app\controllers\SiteController))
#14 /Applications/MAMP/htdocs/base/vendor/yiisoft/yii2/base/Controller.php(382): yii\base\Controller->renderContent('<div class="sit...')
#15 /Applications/MAMP/htdocs/base/app/controllers/SiteController.php(63): yii\base\Controller->render('index')
#16 [internal function]: app\controllers\SiteController->actionIndex()
#17 /Applications/MAMP/htdocs/base/vendor/yiisoft/yii2/base/InlineAction.php(57): call_user_func_array(Array, Array)
#18 /Applications/MAMP/htdocs/base/vendor/yiisoft/yii2/base/Controller.php(156): yii\base\InlineAction->runWithParams(Array)
#19 /Applications/MAMP/htdocs/base/vendor/yiisoft/yii2/base/Module.php(523): yii\base\Controller->runAction('', Array)
#20 /Applications/MAMP/htdocs/base/vendor/yiisoft/yii2/web/Application.php(102): yii\base\Module->runAction('', Array)
#21 /Applications/MAMP/htdocs/base/vendor/yiisoft/yii2/base/Application.php(380): yii\web\Application->handleRequest(Object(yii\web\Request))
#22 /Applications/MAMP/htdocs/base/index.php(12): yii\base\Application->run()
#23 {main}
2017-03-05 11:53:09 [127.0.0.1][-][-][info][application] $_COOKIE = [
    'PHPSESSID' => '81851acf5f773b88214178c319c424b8'
    '_csrf' => '9157ccc2956935746eeb82085f2ee73a654929ae28fcebbdb4f0e21a6046db89a:2:{i:0;s:5:\"_csrf\";i:1;s:32:\"HvU3C6Ykj0X2xga26wEjSnEzOX1pad0a\";}'
    '_identity' => '4d1742bd03e2532871a485a192d714e3babe7f3883ae368094af151abe9ad613a:2:{i:0;s:9:\"_identity\";i:1;s:47:\"[10,\"Nw6_cmcDCv9vJ9mniLg7fr7nnOwBnqU-\",2592000]\";}'
]

$_SERVER = [
    'SHELL' => '/bin/bash'
    'TMPDIR' => '/var/folders/hw/yg5kjrqx3ld08xyrtgyrft0w0000gn/T/'
    'Apple_PubSub_Socket_Render' => '/private/tmp/com.apple.launchd.Js7KSkJ4Is/Render'
    '__AUTHORIZATION' => 'auth 18'
    'USER' => 'VILDERR'
    'SSH_AUTH_SOCK' => '/private/tmp/com.apple.launchd.iPDY1LEIHJ/Listeners'
    '__CF_USER_TEXT_ENCODING' => '0x1F5:0x7:0x31'
    '_BASH_IMPLICIT_DASH_PEE' => '-p'
    'PHP_FCGI_CHILDREN' => '4'
    'PATH' => '/usr/bin:/bin:/usr/sbin:/sbin'
    '_' => '/Applications/MAMP/Library/bin/spawn-fcgi'
    'PWD' => '/'
    'XPC_FLAGS' => '0x0'
    'XPC_SERVICE_NAME' => '0'
    'HOME' => '/Users/VILDERR'
    'SHLVL' => '1'
    'LOGNAME' => 'VILDERR'
    'DISPLAY' => '/private/tmp/com.apple.launchd.A0gvUQMRkk/org.macosforge.xquartz:0'
    'HTTP_COOKIE' => 'PHPSESSID=81851acf5f773b88214178c319c424b8; _csrf=9157ccc2956935746eeb82085f2ee73a654929ae28fcebbdb4f0e21a6046db89a%3A2%3A%7Bi%3A0%3Bs%3A5%3A%22_csrf%22%3Bi%3A1%3Bs%3A32%3A%22HvU3C6Ykj0X2xga26wEjSnEzOX1pad0a%22%3B%7D; _identity=4d1742bd03e2532871a485a192d714e3babe7f3883ae368094af151abe9ad613a%3A2%3A%7Bi%3A0%3Bs%3A9%3A%22_identity%22%3Bi%3A1%3Bs%3A47%3A%22%5B10%2C%22Nw6_cmcDCv9vJ9mniLg7fr7nnOwBnqU-%22%2C2592000%5D%22%3B%7D'
    'HTTP_ACCEPT_LANGUAGE' => 'ru-RU,ru;q=0.8,en-US;q=0.6,en;q=0.4'
    'HTTP_ACCEPT_ENCODING' => 'gzip, deflate, sdch, br'
    'HTTP_ACCEPT' => 'text/html,application/xhtml+xml,application/xml;q=0.9,image/webp,*/*;q=0.8'
    'HTTP_USER_AGENT' => 'Mozilla/5.0 (Macintosh; Intel Mac OS X 10_12_3) AppleWebKit/537.36 (KHTML, like Gecko) Chrome/56.0.2924.87 Safari/537.36'
    'HTTP_UPGRADE_INSECURE_REQUESTS' => '1'
    'HTTP_CACHE_CONTROL' => 'max-age=0'
    'HTTP_CONNECTION' => 'keep-alive'
    'HTTP_HOST' => 'localhost'
    'REDIRECT_STATUS' => '200'
    'SERVER_NAME' => ''
    'SERVER_PORT' => '80'
    'SERVER_ADDR' => '127.0.0.1'
    'REMOTE_PORT' => '59054'
    'REMOTE_ADDR' => '127.0.0.1'
    'SERVER_SOFTWARE' => 'nginx/1.11.3'
    'GATEWAY_INTERFACE' => 'CGI/1.1'
    'SERVER_PROTOCOL' => 'HTTP/1.1'
    'DOCUMENT_ROOT' => '/Applications/MAMP/htdocs/base'
    'DOCUMENT_URI' => '/index.php'
    'REQUEST_URI' => '/'
    'SCRIPT_NAME' => '/index.php'
    'CONTENT_LENGTH' => ''
    'CONTENT_TYPE' => ''
    'REQUEST_METHOD' => 'GET'
    'QUERY_STRING' => ''
    'SCRIPT_FILENAME' => '/Applications/MAMP/htdocs/base/index.php'
    'FCGI_ROLE' => 'RESPONDER'
    'PHP_SELF' => '/index.php'
    'REQUEST_TIME_FLOAT' => 1488711189.54
    'REQUEST_TIME' => 1488711189
    'argv' => []
    'argc' => 0
]
2017-03-05 11:53:09 [127.0.0.1][-][-][warning][yii\log\Dispatcher::dispatch] Unable to send log via yii\debug\LogTarget: Exception (Invalid Configuration) 'yii\base\InvalidConfigException' with message 'The directory does not exist: /Applications/MAMP/htdocs/base/assets' 

in /Applications/MAMP/htdocs/base/vendor/yiisoft/yii2/web/AssetManager.php:213

Stack trace:
#0 /Applications/MAMP/htdocs/base/vendor/yiisoft/yii2/base/Object.php(107): yii\web\AssetManager->init()
#1 [internal function]: yii\base\Object->__construct(Array)
#2 /Applications/MAMP/htdocs/base/vendor/yiisoft/yii2/di/Container.php(375): ReflectionClass->newInstanceArgs(Array)
#3 /Applications/MAMP/htdocs/base/vendor/yiisoft/yii2/di/Container.php(156): yii\di\Container->build('yii\\web\\AssetMa...', Array, Array)
#4 /Applications/MAMP/htdocs/base/vendor/yiisoft/yii2/BaseYii.php(344): yii\di\Container->get('yii\\web\\AssetMa...', Array, Array)
#5 /Applications/MAMP/htdocs/base/vendor/yiisoft/yii2/di/ServiceLocator.php(135): yii\BaseYii::createObject(Array)
#6 /Applications/MAMP/htdocs/base/vendor/yiisoft/yii2/base/Application.php(605): yii\di\ServiceLocator->get('assetManager')
#7 /Applications/MAMP/htdocs/base/vendor/yiisoft/yii2/web/View.php(225): yii\base\Application->getAssetManager()
#8 /Applications/MAMP/htdocs/base/vendor/yiisoft/yii2/base/Component.php(132): yii\web\View->getAssetManager()
#9 /Applications/MAMP/htdocs/base/vendor/yiisoft/yii2-debug/panels/AssetPanel.php(53): yii\base\Component->__get('assetManager')
#10 /Applications/MAMP/htdocs/base/vendor/yiisoft/yii2-debug/LogTarget.php(54): yii\debug\panels\AssetPanel->save()
#11 /Applications/MAMP/htdocs/base/vendor/yiisoft/yii2-debug/LogTarget.php(118): yii\debug\LogTarget->export()
#12 /Applications/MAMP/htdocs/base/vendor/yiisoft/yii2/log/Dispatcher.php(188): yii\debug\LogTarget->collect(Array, true)
#13 /Applications/MAMP/htdocs/base/vendor/yiisoft/yii2/log/Logger.php(177): yii\log\Dispatcher->dispatch(Array, true)
#14 /Applications/MAMP/htdocs/base/vendor/yiisoft/yii2/base/ErrorHandler.php(113): yii\log\Logger->flush(true)
#15 [internal function]: yii\base\ErrorHandler->handleException(Object(yii\base\InvalidConfigException))
#16 {main}
2017-03-05 11:53:09 [127.0.0.1][-][-][info][application] $_COOKIE = [
    'PHPSESSID' => '81851acf5f773b88214178c319c424b8'
    '_csrf' => '9157ccc2956935746eeb82085f2ee73a654929ae28fcebbdb4f0e21a6046db89a:2:{i:0;s:5:\"_csrf\";i:1;s:32:\"HvU3C6Ykj0X2xga26wEjSnEzOX1pad0a\";}'
    '_identity' => '4d1742bd03e2532871a485a192d714e3babe7f3883ae368094af151abe9ad613a:2:{i:0;s:9:\"_identity\";i:1;s:47:\"[10,\"Nw6_cmcDCv9vJ9mniLg7fr7nnOwBnqU-\",2592000]\";}'
]

$_SERVER = [
    'SHELL' => '/bin/bash'
    'TMPDIR' => '/var/folders/hw/yg5kjrqx3ld08xyrtgyrft0w0000gn/T/'
    'Apple_PubSub_Socket_Render' => '/private/tmp/com.apple.launchd.Js7KSkJ4Is/Render'
    '__AUTHORIZATION' => 'auth 18'
    'USER' => 'VILDERR'
    'SSH_AUTH_SOCK' => '/private/tmp/com.apple.launchd.iPDY1LEIHJ/Listeners'
    '__CF_USER_TEXT_ENCODING' => '0x1F5:0x7:0x31'
    '_BASH_IMPLICIT_DASH_PEE' => '-p'
    'PHP_FCGI_CHILDREN' => '4'
    'PATH' => '/usr/bin:/bin:/usr/sbin:/sbin'
    '_' => '/Applications/MAMP/Library/bin/spawn-fcgi'
    'PWD' => '/'
    'XPC_FLAGS' => '0x0'
    'XPC_SERVICE_NAME' => '0'
    'HOME' => '/Users/VILDERR'
    'SHLVL' => '1'
    'LOGNAME' => 'VILDERR'
    'DISPLAY' => '/private/tmp/com.apple.launchd.A0gvUQMRkk/org.macosforge.xquartz:0'
    'HTTP_COOKIE' => 'PHPSESSID=81851acf5f773b88214178c319c424b8; _csrf=9157ccc2956935746eeb82085f2ee73a654929ae28fcebbdb4f0e21a6046db89a%3A2%3A%7Bi%3A0%3Bs%3A5%3A%22_csrf%22%3Bi%3A1%3Bs%3A32%3A%22HvU3C6Ykj0X2xga26wEjSnEzOX1pad0a%22%3B%7D; _identity=4d1742bd03e2532871a485a192d714e3babe7f3883ae368094af151abe9ad613a%3A2%3A%7Bi%3A0%3Bs%3A9%3A%22_identity%22%3Bi%3A1%3Bs%3A47%3A%22%5B10%2C%22Nw6_cmcDCv9vJ9mniLg7fr7nnOwBnqU-%22%2C2592000%5D%22%3B%7D'
    'HTTP_ACCEPT_LANGUAGE' => 'ru-RU,ru;q=0.8,en-US;q=0.6,en;q=0.4'
    'HTTP_ACCEPT_ENCODING' => 'gzip, deflate, sdch, br'
    'HTTP_ACCEPT' => 'text/html,application/xhtml+xml,application/xml;q=0.9,image/webp,*/*;q=0.8'
    'HTTP_USER_AGENT' => 'Mozilla/5.0 (Macintosh; Intel Mac OS X 10_12_3) AppleWebKit/537.36 (KHTML, like Gecko) Chrome/56.0.2924.87 Safari/537.36'
    'HTTP_UPGRADE_INSECURE_REQUESTS' => '1'
    'HTTP_CACHE_CONTROL' => 'max-age=0'
    'HTTP_CONNECTION' => 'keep-alive'
    'HTTP_HOST' => 'localhost'
    'REDIRECT_STATUS' => '200'
    'SERVER_NAME' => ''
    'SERVER_PORT' => '80'
    'SERVER_ADDR' => '127.0.0.1'
    'REMOTE_PORT' => '59054'
    'REMOTE_ADDR' => '127.0.0.1'
    'SERVER_SOFTWARE' => 'nginx/1.11.3'
    'GATEWAY_INTERFACE' => 'CGI/1.1'
    'SERVER_PROTOCOL' => 'HTTP/1.1'
    'DOCUMENT_ROOT' => '/Applications/MAMP/htdocs/base'
    'DOCUMENT_URI' => '/index.php'
    'REQUEST_URI' => '/'
    'SCRIPT_NAME' => '/index.php'
    'CONTENT_LENGTH' => ''
    'CONTENT_TYPE' => ''
    'REQUEST_METHOD' => 'GET'
    'QUERY_STRING' => ''
    'SCRIPT_FILENAME' => '/Applications/MAMP/htdocs/base/index.php'
    'FCGI_ROLE' => 'RESPONDER'
    'PHP_SELF' => '/index.php'
    'REQUEST_TIME_FLOAT' => 1488711189.54
    'REQUEST_TIME' => 1488711189
    'argv' => []
    'argc' => 0
]
2017-03-05 11:53:09 [127.0.0.1][-][-][error][yii\base\InvalidConfigException] yii\base\InvalidConfigException: The directory does not exist: /Applications/MAMP/htdocs/base/assets in /Applications/MAMP/htdocs/base/vendor/yiisoft/yii2/web/AssetManager.php:213
Stack trace:
#0 /Applications/MAMP/htdocs/base/vendor/yiisoft/yii2/base/Object.php(107): yii\web\AssetManager->init()
#1 [internal function]: yii\base\Object->__construct(Array)
#2 /Applications/MAMP/htdocs/base/vendor/yiisoft/yii2/di/Container.php(375): ReflectionClass->newInstanceArgs(Array)
#3 /Applications/MAMP/htdocs/base/vendor/yiisoft/yii2/di/Container.php(156): yii\di\Container->build('yii\\web\\AssetMa...', Array, Array)
#4 /Applications/MAMP/htdocs/base/vendor/yiisoft/yii2/BaseYii.php(344): yii\di\Container->get('yii\\web\\AssetMa...', Array, Array)
#5 /Applications/MAMP/htdocs/base/vendor/yiisoft/yii2/di/ServiceLocator.php(135): yii\BaseYii::createObject(Array)
#6 /Applications/MAMP/htdocs/base/vendor/yiisoft/yii2/base/Application.php(605): yii\di\ServiceLocator->get('assetManager')
#7 /Applications/MAMP/htdocs/base/vendor/yiisoft/yii2/web/View.php(225): yii\base\Application->getAssetManager()
#8 /Applications/MAMP/htdocs/base/vendor/yiisoft/yii2/web/View.php(285): yii\web\View->getAssetManager()
#9 /Applications/MAMP/htdocs/base/vendor/yiisoft/yii2/web/AssetBundle.php(125): yii\web\View->registerAssetBundle('app\\assets\\AppA...')
#10 /Applications/MAMP/htdocs/base/app/views/layouts/main.php(12): yii\web\AssetBundle::register(Object(yii\web\View))
#11 /Applications/MAMP/htdocs/base/vendor/yiisoft/yii2/base/View.php(328): require('/Applications/M...')
#12 /Applications/MAMP/htdocs/base/vendor/yiisoft/yii2/base/View.php(250): yii\base\View->renderPhpFile('/Applications/M...', Array)
#13 /Applications/MAMP/htdocs/base/vendor/yiisoft/yii2/base/Controller.php(396): yii\base\View->renderFile('/Applications/M...', Array, Object(app\controllers\SiteController))
#14 /Applications/MAMP/htdocs/base/vendor/yiisoft/yii2/base/Controller.php(382): yii\base\Controller->renderContent('<div class="sit...')
#15 /Applications/MAMP/htdocs/base/app/controllers/SiteController.php(63): yii\base\Controller->render('index')
#16 [internal function]: app\controllers\SiteController->actionIndex()
#17 /Applications/MAMP/htdocs/base/vendor/yiisoft/yii2/base/InlineAction.php(57): call_user_func_array(Array, Array)
#18 /Applications/MAMP/htdocs/base/vendor/yiisoft/yii2/base/Controller.php(156): yii\base\InlineAction->runWithParams(Array)
#19 /Applications/MAMP/htdocs/base/vendor/yiisoft/yii2/base/Module.php(523): yii\base\Controller->runAction('', Array)
#20 /Applications/MAMP/htdocs/base/vendor/yiisoft/yii2/web/Application.php(102): yii\base\Module->runAction('', Array)
#21 /Applications/MAMP/htdocs/base/vendor/yiisoft/yii2/base/Application.php(380): yii\web\Application->handleRequest(Object(yii\web\Request))
#22 /Applications/MAMP/htdocs/base/index.php(12): yii\base\Application->run()
#23 {main}
2017-03-05 11:53:09 [127.0.0.1][-][-][info][application] $_COOKIE = [
    'PHPSESSID' => '81851acf5f773b88214178c319c424b8'
    '_csrf' => '9157ccc2956935746eeb82085f2ee73a654929ae28fcebbdb4f0e21a6046db89a:2:{i:0;s:5:\"_csrf\";i:1;s:32:\"HvU3C6Ykj0X2xga26wEjSnEzOX1pad0a\";}'
    '_identity' => '4d1742bd03e2532871a485a192d714e3babe7f3883ae368094af151abe9ad613a:2:{i:0;s:9:\"_identity\";i:1;s:47:\"[10,\"Nw6_cmcDCv9vJ9mniLg7fr7nnOwBnqU-\",2592000]\";}'
]

$_SERVER = [
    'SHELL' => '/bin/bash'
    'TMPDIR' => '/var/folders/hw/yg5kjrqx3ld08xyrtgyrft0w0000gn/T/'
    'Apple_PubSub_Socket_Render' => '/private/tmp/com.apple.launchd.Js7KSkJ4Is/Render'
    '__AUTHORIZATION' => 'auth 18'
    'USER' => 'VILDERR'
    'SSH_AUTH_SOCK' => '/private/tmp/com.apple.launchd.iPDY1LEIHJ/Listeners'
    '__CF_USER_TEXT_ENCODING' => '0x1F5:0x7:0x31'
    '_BASH_IMPLICIT_DASH_PEE' => '-p'
    'PHP_FCGI_CHILDREN' => '4'
    'PATH' => '/usr/bin:/bin:/usr/sbin:/sbin'
    '_' => '/Applications/MAMP/Library/bin/spawn-fcgi'
    'PWD' => '/'
    'XPC_FLAGS' => '0x0'
    'XPC_SERVICE_NAME' => '0'
    'HOME' => '/Users/VILDERR'
    'SHLVL' => '1'
    'LOGNAME' => 'VILDERR'
    'DISPLAY' => '/private/tmp/com.apple.launchd.A0gvUQMRkk/org.macosforge.xquartz:0'
    'HTTP_COOKIE' => 'PHPSESSID=81851acf5f773b88214178c319c424b8; _csrf=9157ccc2956935746eeb82085f2ee73a654929ae28fcebbdb4f0e21a6046db89a%3A2%3A%7Bi%3A0%3Bs%3A5%3A%22_csrf%22%3Bi%3A1%3Bs%3A32%3A%22HvU3C6Ykj0X2xga26wEjSnEzOX1pad0a%22%3B%7D; _identity=4d1742bd03e2532871a485a192d714e3babe7f3883ae368094af151abe9ad613a%3A2%3A%7Bi%3A0%3Bs%3A9%3A%22_identity%22%3Bi%3A1%3Bs%3A47%3A%22%5B10%2C%22Nw6_cmcDCv9vJ9mniLg7fr7nnOwBnqU-%22%2C2592000%5D%22%3B%7D'
    'HTTP_ACCEPT_LANGUAGE' => 'ru-RU,ru;q=0.8,en-US;q=0.6,en;q=0.4'
    'HTTP_ACCEPT_ENCODING' => 'gzip, deflate, sdch, br'
    'HTTP_REFERER' => 'http://localhost/'
    'HTTP_ACCEPT' => 'image/webp,image/*,*/*;q=0.8'
    'HTTP_USER_AGENT' => 'Mozilla/5.0 (Macintosh; Intel Mac OS X 10_12_3) AppleWebKit/537.36 (KHTML, like Gecko) Chrome/56.0.2924.87 Safari/537.36'
    'HTTP_CACHE_CONTROL' => 'no-cache'
    'HTTP_PRAGMA' => 'no-cache'
    'HTTP_CONNECTION' => 'keep-alive'
    'HTTP_HOST' => 'localhost'
    'REDIRECT_STATUS' => '200'
    'SERVER_NAME' => ''
    'SERVER_PORT' => '80'
    'SERVER_ADDR' => '127.0.0.1'
    'REMOTE_PORT' => '59054'
    'REMOTE_ADDR' => '127.0.0.1'
    'SERVER_SOFTWARE' => 'nginx/1.11.3'
    'GATEWAY_INTERFACE' => 'CGI/1.1'
    'SERVER_PROTOCOL' => 'HTTP/1.1'
    'DOCUMENT_ROOT' => '/Applications/MAMP/htdocs/base'
    'DOCUMENT_URI' => '/index.php'
    'REQUEST_URI' => '/favicon.ico'
    'SCRIPT_NAME' => '/index.php'
    'CONTENT_LENGTH' => ''
    'CONTENT_TYPE' => ''
    'REQUEST_METHOD' => 'GET'
    'QUERY_STRING' => ''
    'SCRIPT_FILENAME' => '/Applications/MAMP/htdocs/base/index.php'
    'FCGI_ROLE' => 'RESPONDER'
    'PHP_SELF' => '/index.php'
    'REQUEST_TIME_FLOAT' => 1488711189.89
    'REQUEST_TIME' => 1488711189
    'argv' => []
    'argc' => 0
]
2017-03-05 11:53:09 [127.0.0.1][-][-][warning][yii\log\Dispatcher::dispatch] Unable to send log via yii\debug\LogTarget: Exception (Invalid Configuration) 'yii\base\InvalidConfigException' with message 'The directory does not exist: /Applications/MAMP/htdocs/base/assets' 

in /Applications/MAMP/htdocs/base/vendor/yiisoft/yii2/web/AssetManager.php:213

Stack trace:
#0 /Applications/MAMP/htdocs/base/vendor/yiisoft/yii2/base/Object.php(107): yii\web\AssetManager->init()
#1 [internal function]: yii\base\Object->__construct(Array)
#2 /Applications/MAMP/htdocs/base/vendor/yiisoft/yii2/di/Container.php(375): ReflectionClass->newInstanceArgs(Array)
#3 /Applications/MAMP/htdocs/base/vendor/yiisoft/yii2/di/Container.php(156): yii\di\Container->build('yii\\web\\AssetMa...', Array, Array)
#4 /Applications/MAMP/htdocs/base/vendor/yiisoft/yii2/BaseYii.php(344): yii\di\Container->get('yii\\web\\AssetMa...', Array, Array)
#5 /Applications/MAMP/htdocs/base/vendor/yiisoft/yii2/di/ServiceLocator.php(135): yii\BaseYii::createObject(Array)
#6 /Applications/MAMP/htdocs/base/vendor/yiisoft/yii2/base/Application.php(605): yii\di\ServiceLocator->get('assetManager')
#7 /Applications/MAMP/htdocs/base/vendor/yiisoft/yii2/web/View.php(225): yii\base\Application->getAssetManager()
#8 /Applications/MAMP/htdocs/base/vendor/yiisoft/yii2/base/Component.php(132): yii\web\View->getAssetManager()
#9 /Applications/MAMP/htdocs/base/vendor/yiisoft/yii2-debug/panels/AssetPanel.php(53): yii\base\Component->__get('assetManager')
#10 /Applications/MAMP/htdocs/base/vendor/yiisoft/yii2-debug/LogTarget.php(54): yii\debug\panels\AssetPanel->save()
#11 /Applications/MAMP/htdocs/base/vendor/yiisoft/yii2-debug/LogTarget.php(118): yii\debug\LogTarget->export()
#12 /Applications/MAMP/htdocs/base/vendor/yiisoft/yii2/log/Dispatcher.php(188): yii\debug\LogTarget->collect(Array, true)
#13 /Applications/MAMP/htdocs/base/vendor/yiisoft/yii2/log/Logger.php(177): yii\log\Dispatcher->dispatch(Array, true)
#14 /Applications/MAMP/htdocs/base/vendor/yiisoft/yii2/base/ErrorHandler.php(113): yii\log\Logger->flush(true)
#15 [internal function]: yii\base\ErrorHandler->handleException(Object(yii\base\InvalidConfigException))
#16 {main}
2017-03-05 11:53:09 [127.0.0.1][-][-][info][application] $_COOKIE = [
    'PHPSESSID' => '81851acf5f773b88214178c319c424b8'
    '_csrf' => '9157ccc2956935746eeb82085f2ee73a654929ae28fcebbdb4f0e21a6046db89a:2:{i:0;s:5:\"_csrf\";i:1;s:32:\"HvU3C6Ykj0X2xga26wEjSnEzOX1pad0a\";}'
    '_identity' => '4d1742bd03e2532871a485a192d714e3babe7f3883ae368094af151abe9ad613a:2:{i:0;s:9:\"_identity\";i:1;s:47:\"[10,\"Nw6_cmcDCv9vJ9mniLg7fr7nnOwBnqU-\",2592000]\";}'
]

$_SERVER = [
    'SHELL' => '/bin/bash'
    'TMPDIR' => '/var/folders/hw/yg5kjrqx3ld08xyrtgyrft0w0000gn/T/'
    'Apple_PubSub_Socket_Render' => '/private/tmp/com.apple.launchd.Js7KSkJ4Is/Render'
    '__AUTHORIZATION' => 'auth 18'
    'USER' => 'VILDERR'
    'SSH_AUTH_SOCK' => '/private/tmp/com.apple.launchd.iPDY1LEIHJ/Listeners'
    '__CF_USER_TEXT_ENCODING' => '0x1F5:0x7:0x31'
    '_BASH_IMPLICIT_DASH_PEE' => '-p'
    'PHP_FCGI_CHILDREN' => '4'
    'PATH' => '/usr/bin:/bin:/usr/sbin:/sbin'
    '_' => '/Applications/MAMP/Library/bin/spawn-fcgi'
    'PWD' => '/'
    'XPC_FLAGS' => '0x0'
    'XPC_SERVICE_NAME' => '0'
    'HOME' => '/Users/VILDERR'
    'SHLVL' => '1'
    'LOGNAME' => 'VILDERR'
    'DISPLAY' => '/private/tmp/com.apple.launchd.A0gvUQMRkk/org.macosforge.xquartz:0'
    'HTTP_COOKIE' => 'PHPSESSID=81851acf5f773b88214178c319c424b8; _csrf=9157ccc2956935746eeb82085f2ee73a654929ae28fcebbdb4f0e21a6046db89a%3A2%3A%7Bi%3A0%3Bs%3A5%3A%22_csrf%22%3Bi%3A1%3Bs%3A32%3A%22HvU3C6Ykj0X2xga26wEjSnEzOX1pad0a%22%3B%7D; _identity=4d1742bd03e2532871a485a192d714e3babe7f3883ae368094af151abe9ad613a%3A2%3A%7Bi%3A0%3Bs%3A9%3A%22_identity%22%3Bi%3A1%3Bs%3A47%3A%22%5B10%2C%22Nw6_cmcDCv9vJ9mniLg7fr7nnOwBnqU-%22%2C2592000%5D%22%3B%7D'
    'HTTP_ACCEPT_LANGUAGE' => 'ru-RU,ru;q=0.8,en-US;q=0.6,en;q=0.4'
    'HTTP_ACCEPT_ENCODING' => 'gzip, deflate, sdch, br'
    'HTTP_REFERER' => 'http://localhost/'
    'HTTP_ACCEPT' => 'image/webp,image/*,*/*;q=0.8'
    'HTTP_USER_AGENT' => 'Mozilla/5.0 (Macintosh; Intel Mac OS X 10_12_3) AppleWebKit/537.36 (KHTML, like Gecko) Chrome/56.0.2924.87 Safari/537.36'
    'HTTP_CACHE_CONTROL' => 'no-cache'
    'HTTP_PRAGMA' => 'no-cache'
    'HTTP_CONNECTION' => 'keep-alive'
    'HTTP_HOST' => 'localhost'
    'REDIRECT_STATUS' => '200'
    'SERVER_NAME' => ''
    'SERVER_PORT' => '80'
    'SERVER_ADDR' => '127.0.0.1'
    'REMOTE_PORT' => '59054'
    'REMOTE_ADDR' => '127.0.0.1'
    'SERVER_SOFTWARE' => 'nginx/1.11.3'
    'GATEWAY_INTERFACE' => 'CGI/1.1'
    'SERVER_PROTOCOL' => 'HTTP/1.1'
    'DOCUMENT_ROOT' => '/Applications/MAMP/htdocs/base'
    'DOCUMENT_URI' => '/index.php'
    'REQUEST_URI' => '/favicon.ico'
    'SCRIPT_NAME' => '/index.php'
    'CONTENT_LENGTH' => ''
    'CONTENT_TYPE' => ''
    'REQUEST_METHOD' => 'GET'
    'QUERY_STRING' => ''
    'SCRIPT_FILENAME' => '/Applications/MAMP/htdocs/base/index.php'
    'FCGI_ROLE' => 'RESPONDER'
    'PHP_SELF' => '/index.php'
    'REQUEST_TIME_FLOAT' => 1488711189.89
    'REQUEST_TIME' => 1488711189
    'argv' => []
    'argc' => 0
]
